Build started 06/04/2013 21:44:35.
     1>Project "I:\Important\Programming\C++\Classes\TinyXML\tinyxml_2_6_2\tinyxml\tinyxmlSTL.vcxproj" on node 3 (build target(s)).
     1>InitializeBuildStatus:
         Creating "I:\Important\Programming\C++\Classes\TinyXML\tinyxml_2_6_2\tinyxml\DebugtinyxmlSTL\tinyxmlSTL.unsuccessfulbuild" because "AlwaysCreate" was specified.
       ClCompile:
         T:\Second Win\Microsoft Visual Studio 10.0\VC\bin\CL.exe /c /ZI /nologo /W4 /WX- /Od /Oy- /D WIN32 /D _DEBUG /D _LIB /D TIXML_USE_STL /D _VC80_UPGRADE=0x0600 /D _MBCS /Gm /EHsc /RTC1 /MTd /GS /fp:precise /Zc:wchar_t /Zc:forScope /Fo"I:\Important\Programming\C++\Classes\TinyXML\tinyxml_2_6_2\tinyxml\DebugtinyxmlSTL\\" /Fd"I:\Important\Programming\C++\Classes\TinyXML\tinyxml_2_6_2\tinyxml\DebugtinyxmlSTL\vc100.pdb" /FR"I:\Important\Programming\C++\Classes\TinyXML\tinyxml_2_6_2\tinyxml\DebugtinyxmlSTL\\" /Gd /TP /analyze- /errorReport:prompt tinystr.cpp tinyxml.cpp tinyxmlerror.cpp tinyxmlparser.cpp
         tinyxmlparser.cpp
         tinyxmlerror.cpp
         tinyxml.cpp
         tinystr.cpp
         Generating Code...
       Lib:
         T:\Second Win\Microsoft Visual Studio 10.0\VC\bin\Lib.exe /OUT:"I:\Important\Programming\C++\Classes\TinyXML\tinyxml_2_6_2\tinyxml\DebugtinyxmlSTL\tinyxmlSTL.lib" /NOLOGO I:\Important\Programming\C++\Classes\TinyXML\tinyxml_2_6_2\tinyxml\DebugtinyxmlSTL\tinystr.obj
         I:\Important\Programming\C++\Classes\TinyXML\tinyxml_2_6_2\tinyxml\DebugtinyxmlSTL\tinyxml.obj
         I:\Important\Programming\C++\Classes\TinyXML\tinyxml_2_6_2\tinyxml\DebugtinyxmlSTL\tinyxmlerror.obj
         I:\Important\Programming\C++\Classes\TinyXML\tinyxml_2_6_2\tinyxml\DebugtinyxmlSTL\tinyxmlparser.obj
         tinyxmlSTL.vcxproj -> I:\Important\Programming\C++\Classes\TinyXML\tinyxml_2_6_2\tinyxml\DebugtinyxmlSTL\tinyxmlSTL.lib
       BscMake:
         T:\Second Win\Microsoft Visual Studio 10.0\VC\bin\bscmake.exe /nologo /o"I:\Important\Programming\C++\Classes\TinyXML\tinyxml_2_6_2\tinyxml\DebugtinyxmlSTL\tinyxmlSTL.bsc" I:\Important\Programming\C++\Classes\TinyXML\tinyxml_2_6_2\tinyxml\DebugtinyxmlSTL\tinystr.sbr I:\Important\Programming\C++\Classes\TinyXML\tinyxml_2_6_2\tinyxml\DebugtinyxmlSTL\tinyxml.sbr I:\Important\Programming\C++\Classes\TinyXML\tinyxml_2_6_2\tinyxml\DebugtinyxmlSTL\tinyxmlerror.sbr I:\Important\Programming\C++\Classes\TinyXML\tinyxml_2_6_2\tinyxml\DebugtinyxmlSTL\tinyxmlparser.sbr
       FinalizeBuildStatus:
         Deleting file "I:\Important\Programming\C++\Classes\TinyXML\tinyxml_2_6_2\tinyxml\DebugtinyxmlSTL\tinyxmlSTL.unsuccessfulbuild".
         Touching "I:\Important\Programming\C++\Classes\TinyXML\tinyxml_2_6_2\tinyxml\DebugtinyxmlSTL\tinyxmlSTL.lastbuildstate".
     1>Done Building Project "I:\Important\Programming\C++\Classes\TinyXML\tinyxml_2_6_2\tinyxml\tinyxmlSTL.vcxproj" (build target(s)).

Build succeeded.

Time Elapsed 00:00:03.18
